[2025-12-01T08:06:17.582+0000] {manager.py:483} INFO - Processing files using up to 2 processes at a time 
[2025-12-01T08:06:17.583+0000] {manager.py:484} INFO - Process each file at most once every 30 seconds
[2025-12-01T08:06:17.584+0000] {manager.py:485} INFO - Checking for new files in /opt/airflow/dags every 300 seconds
[2025-12-01T08:06:17.586+0000] {manager.py:821} INFO - Searching for files in /opt/airflow/dags
[2025-12-01T08:06:17.627+0000] {manager.py:824} INFO - There are 1 files in /opt/airflow/dags
[2025-12-01T08:06:17.744+0000] {manager.py:997} INFO - 
================================================================================
DAG File Processing Stats

File Path                                  PID  Runtime      # DAGs    # Errors  Last Runtime    Last Run      Last # of DB Queries
---------------------------------------  -----  ---------  --------  ----------  --------------  ----------  ----------------------
/opt/airflow/dags/train_pipeline_dag.py     37  0.04s             0           0                                                   0
================================================================================
[2025-12-01T08:06:48.032+0000] {manager.py:997} INFO - 
================================================================================
DAG File Processing Stats

File Path                                PID    Runtime      # DAGs    # Errors  Last Runtime    Last Run               Last # of DB Queries
---------------------------------------  -----  ---------  --------  ----------  --------------  -------------------  ----------------------
/opt/airflow/dags/train_pipeline_dag.py                           1           0  0.73s           2025-12-01T08:06:18                      43
================================================================================
[2025-12-01T08:07:18.065+0000] {manager.py:997} INFO - 
================================================================================
DAG File Processing Stats

File Path                                PID    Runtime      # DAGs    # Errors  Last Runtime    Last Run               Last # of DB Queries
---------------------------------------  -----  ---------  --------  ----------  --------------  -------------------  ----------------------
/opt/airflow/dags/train_pipeline_dag.py                           1           0  0.20s           2025-12-01T08:06:48                      10
================================================================================
[2025-12-01T08:07:48.555+0000] {manager.py:997} INFO - 
================================================================================
DAG File Processing Stats

File Path                                PID    Runtime      # DAGs    # Errors  Last Runtime    Last Run               Last # of DB Queries
---------------------------------------  -----  ---------  --------  ----------  --------------  -------------------  ----------------------
/opt/airflow/dags/train_pipeline_dag.py                           1           0  0.39s           2025-12-01T08:07:19                      10
================================================================================
[2025-12-01T08:08:19.035+0000] {manager.py:997} INFO - 
================================================================================
DAG File Processing Stats

File Path                                PID    Runtime      # DAGs    # Errors  Last Runtime    Last Run               Last # of DB Queries
---------------------------------------  -----  ---------  --------  ----------  --------------  -------------------  ----------------------
/opt/airflow/dags/train_pipeline_dag.py                           1           0  0.20s           2025-12-01T08:07:49                      10
================================================================================
[2025-12-01T08:08:49.357+0000] {manager.py:997} INFO - 
================================================================================
DAG File Processing Stats

File Path                                PID    Runtime      # DAGs    # Errors  Last Runtime    Last Run               Last # of DB Queries
---------------------------------------  -----  ---------  --------  ----------  --------------  -------------------  ----------------------
/opt/airflow/dags/train_pipeline_dag.py                           1           0  0.22s           2025-12-01T08:08:20                      10
================================================================================
[2025-12-01T08:09:19.879+0000] {manager.py:997} INFO - 
================================================================================
DAG File Processing Stats

File Path                                PID    Runtime      # DAGs    # Errors  Last Runtime    Last Run               Last # of DB Queries
---------------------------------------  -----  ---------  --------  ----------  --------------  -------------------  ----------------------
/opt/airflow/dags/train_pipeline_dag.py                           1           0  0.25s           2025-12-01T08:08:50                      10
================================================================================
[2025-12-01T08:09:50.210+0000] {manager.py:997} INFO - 
================================================================================
DAG File Processing Stats

File Path                                PID    Runtime      # DAGs    # Errors  Last Runtime    Last Run               Last # of DB Queries
---------------------------------------  -----  ---------  --------  ----------  --------------  -------------------  ----------------------
/opt/airflow/dags/train_pipeline_dag.py                           1           0  0.19s           2025-12-01T08:09:21                      10
================================================================================
[2025-12-01T08:10:20.694+0000] {manager.py:997} INFO - 
================================================================================
DAG File Processing Stats

File Path                                PID    Runtime      # DAGs    # Errors  Last Runtime    Last Run               Last # of DB Queries
---------------------------------------  -----  ---------  --------  ----------  --------------  -------------------  ----------------------
/opt/airflow/dags/train_pipeline_dag.py                           1           0  0.26s           2025-12-01T08:09:51                      10
================================================================================
[2025-12-01T08:10:51.083+0000] {manager.py:997} INFO - 
================================================================================
DAG File Processing Stats

File Path                                PID    Runtime      # DAGs    # Errors  Last Runtime    Last Run               Last # of DB Queries
---------------------------------------  -----  ---------  --------  ----------  --------------  -------------------  ----------------------
/opt/airflow/dags/train_pipeline_dag.py                           1           0  0.19s           2025-12-01T08:10:21                      10
================================================================================
[2025-12-01T08:11:18.442+0000] {manager.py:821} INFO - Searching for files in /opt/airflow/dags
[2025-12-01T08:11:18.485+0000] {manager.py:824} INFO - There are 1 files in /opt/airflow/dags
[2025-12-01T08:11:21.550+0000] {manager.py:997} INFO - 
================================================================================
DAG File Processing Stats

File Path                                PID    Runtime      # DAGs    # Errors  Last Runtime    Last Run               Last # of DB Queries
---------------------------------------  -----  ---------  --------  ----------  --------------  -------------------  ----------------------
/opt/airflow/dags/train_pipeline_dag.py                           1           0  0.22s           2025-12-01T08:10:52                      10
================================================================================
[2025-12-01T08:11:51.926+0000] {manager.py:997} INFO - 
================================================================================
DAG File Processing Stats

File Path                                PID    Runtime      # DAGs    # Errors  Last Runtime    Last Run               Last # of DB Queries
---------------------------------------  -----  ---------  --------  ----------  --------------  -------------------  ----------------------
/opt/airflow/dags/train_pipeline_dag.py                           1           0  0.20s           2025-12-01T08:11:22                      10
================================================================================
[2025-12-01T08:12:22.394+0000] {manager.py:997} INFO - 
================================================================================
DAG File Processing Stats

File Path                                PID    Runtime      # DAGs    # Errors  Last Runtime    Last Run               Last # of DB Queries
---------------------------------------  -----  ---------  --------  ----------  --------------  -------------------  ----------------------
/opt/airflow/dags/train_pipeline_dag.py                           1           0  0.24s           2025-12-01T08:11:53                      10
================================================================================
[2025-12-01T08:12:52.771+0000] {manager.py:997} INFO - 
================================================================================
DAG File Processing Stats

File Path                                PID    Runtime      # DAGs    # Errors  Last Runtime    Last Run               Last # of DB Queries
---------------------------------------  -----  ---------  --------  ----------  --------------  -------------------  ----------------------
/opt/airflow/dags/train_pipeline_dag.py                           1           0  0.53s           2025-12-01T08:12:23                      10
================================================================================
[2025-12-01T08:13:23.545+0000] {manager.py:997} INFO - 
================================================================================
DAG File Processing Stats

File Path                                PID    Runtime      # DAGs    # Errors  Last Runtime    Last Run               Last # of DB Queries
---------------------------------------  -----  ---------  --------  ----------  --------------  -------------------  ----------------------
/opt/airflow/dags/train_pipeline_dag.py                           1           0  0.19s           2025-12-01T08:12:54                      10
================================================================================
[2025-12-01T08:13:54.012+0000] {manager.py:997} INFO - 
================================================================================
DAG File Processing Stats

File Path                                PID    Runtime      # DAGs    # Errors  Last Runtime    Last Run               Last # of DB Queries
---------------------------------------  -----  ---------  --------  ----------  --------------  -------------------  ----------------------
/opt/airflow/dags/train_pipeline_dag.py                           1           0  0.19s           2025-12-01T08:13:24                      10
================================================================================
[2025-12-01T08:14:24.348+0000] {manager.py:997} INFO - 
================================================================================
DAG File Processing Stats

File Path                                PID    Runtime      # DAGs    # Errors  Last Runtime    Last Run               Last # of DB Queries
---------------------------------------  -----  ---------  --------  ----------  --------------  -------------------  ----------------------
/opt/airflow/dags/train_pipeline_dag.py                           1           0  0.21s           2025-12-01T08:13:55                      10
================================================================================
[2025-12-01T08:14:54.860+0000] {manager.py:997} INFO - 
================================================================================
DAG File Processing Stats

File Path                                PID    Runtime      # DAGs    # Errors  Last Runtime    Last Run               Last # of DB Queries
---------------------------------------  -----  ---------  --------  ----------  --------------  -------------------  ----------------------
/opt/airflow/dags/train_pipeline_dag.py                           1           0  0.23s           2025-12-01T08:14:25                      10
================================================================================
[2025-12-01T08:15:25.185+0000] {manager.py:997} INFO - 
================================================================================
DAG File Processing Stats

File Path                                PID    Runtime      # DAGs    # Errors  Last Runtime    Last Run               Last # of DB Queries
---------------------------------------  -----  ---------  --------  ----------  --------------  -------------------  ----------------------
/opt/airflow/dags/train_pipeline_dag.py                           1           0  0.43s           2025-12-01T08:14:56                      10
================================================================================
[2025-12-01T08:15:55.513+0000] {manager.py:997} INFO - 
================================================================================
DAG File Processing Stats

File Path                                PID    Runtime      # DAGs    # Errors  Last Runtime    Last Run               Last # of DB Queries
---------------------------------------  -----  ---------  --------  ----------  --------------  -------------------  ----------------------
/opt/airflow/dags/train_pipeline_dag.py                           1           0  0.59s           2025-12-01T08:15:27                      10
================================================================================
[2025-12-01T08:16:18.777+0000] {manager.py:821} INFO - Searching for files in /opt/airflow/dags
[2025-12-01T08:16:18.818+0000] {manager.py:824} INFO - There are 1 files in /opt/airflow/dags
[2025-12-01T08:16:25.924+0000] {manager.py:997} INFO - 
================================================================================
DAG File Processing Stats

File Path                                PID    Runtime      # DAGs    # Errors  Last Runtime    Last Run               Last # of DB Queries
---------------------------------------  -----  ---------  --------  ----------  --------------  -------------------  ----------------------
/opt/airflow/dags/train_pipeline_dag.py                           1           0  0.20s           2025-12-01T08:15:57                      10
================================================================================
[2025-12-01T08:16:56.319+0000] {manager.py:997} INFO - 
================================================================================
DAG File Processing Stats

File Path                                PID    Runtime      # DAGs    # Errors  Last Runtime    Last Run               Last # of DB Queries
---------------------------------------  -----  ---------  --------  ----------  --------------  -------------------  ----------------------
/opt/airflow/dags/train_pipeline_dag.py                           1           0  0.20s           2025-12-01T08:16:28                      10
================================================================================
[2025-12-01T08:17:26.713+0000] {manager.py:997} INFO - 
================================================================================
DAG File Processing Stats

File Path                                PID    Runtime      # DAGs    # Errors  Last Runtime    Last Run               Last # of DB Queries
---------------------------------------  -----  ---------  --------  ----------  --------------  -------------------  ----------------------
/opt/airflow/dags/train_pipeline_dag.py                           1           0  0.20s           2025-12-01T08:16:58                      10
================================================================================
[2025-12-01T08:17:57.128+0000] {manager.py:997} INFO - 
================================================================================
DAG File Processing Stats

File Path                                PID    Runtime      # DAGs    # Errors  Last Runtime    Last Run               Last # of DB Queries
---------------------------------------  -----  ---------  --------  ----------  --------------  -------------------  ----------------------
/opt/airflow/dags/train_pipeline_dag.py                           1           0  0.20s           2025-12-01T08:17:28                      10
================================================================================
[2025-12-01T08:18:27.529+0000] {manager.py:997} INFO - 
================================================================================
DAG File Processing Stats

File Path                                PID    Runtime      # DAGs    # Errors  Last Runtime    Last Run               Last # of DB Queries
---------------------------------------  -----  ---------  --------  ----------  --------------  -------------------  ----------------------
/opt/airflow/dags/train_pipeline_dag.py                           1           0  0.45s           2025-12-01T08:17:59                      10
================================================================================
[2025-12-01T08:18:58.192+0000] {manager.py:997} INFO - 
================================================================================
DAG File Processing Stats

File Path                                PID    Runtime      # DAGs    # Errors  Last Runtime    Last Run               Last # of DB Queries
---------------------------------------  -----  ---------  --------  ----------  --------------  -------------------  ----------------------
/opt/airflow/dags/train_pipeline_dag.py                           1           0  0.19s           2025-12-01T08:18:30                      10
================================================================================
[2025-12-01T08:19:28.667+0000] {manager.py:997} INFO - 
================================================================================
DAG File Processing Stats

File Path                                PID    Runtime      # DAGs    # Errors  Last Runtime    Last Run               Last # of DB Queries
---------------------------------------  -----  ---------  --------  ----------  --------------  -------------------  ----------------------
/opt/airflow/dags/train_pipeline_dag.py                           1           0  0.20s           2025-12-01T08:19:00                      10
================================================================================
[2025-12-01T08:19:59.024+0000] {manager.py:997} INFO - 
================================================================================
DAG File Processing Stats

File Path                                PID    Runtime      # DAGs    # Errors  Last Runtime    Last Run               Last # of DB Queries
---------------------------------------  -----  ---------  --------  ----------  --------------  -------------------  ----------------------
/opt/airflow/dags/train_pipeline_dag.py                           1           0  0.20s           2025-12-01T08:19:30                      10
================================================================================
[2025-12-01T08:20:29.491+0000] {manager.py:997} INFO - 
================================================================================
DAG File Processing Stats

File Path                                PID    Runtime      # DAGs    # Errors  Last Runtime    Last Run               Last # of DB Queries
---------------------------------------  -----  ---------  --------  ----------  --------------  -------------------  ----------------------
/opt/airflow/dags/train_pipeline_dag.py                           1           0  0.21s           2025-12-01T08:20:01                      10
================================================================================
[2025-12-01T08:20:59.838+0000] {manager.py:997} INFO - 
================================================================================
DAG File Processing Stats

File Path                                PID    Runtime      # DAGs    # Errors  Last Runtime    Last Run               Last # of DB Queries
---------------------------------------  -----  ---------  --------  ----------  --------------  -------------------  ----------------------
/opt/airflow/dags/train_pipeline_dag.py                           1           0  0.19s           2025-12-01T08:20:31                      10
================================================================================
[2025-12-01T08:21:19.174+0000] {manager.py:821} INFO - Searching for files in /opt/airflow/dags
[2025-12-01T08:21:19.208+0000] {manager.py:824} INFO - There are 1 files in /opt/airflow/dags
[2025-12-01T08:21:30.331+0000] {manager.py:997} INFO - 
================================================================================
DAG File Processing Stats

File Path                                PID    Runtime      # DAGs    # Errors  Last Runtime    Last Run               Last # of DB Queries
---------------------------------------  -----  ---------  --------  ----------  --------------  -------------------  ----------------------
/opt/airflow/dags/train_pipeline_dag.py                           1           0  0.43s           2025-12-01T08:21:02                      10
================================================================================
[2025-12-01T08:22:00.659+0000] {manager.py:997} INFO - 
================================================================================
DAG File Processing Stats

File Path                                PID    Runtime      # DAGs    # Errors  Last Runtime    Last Run               Last # of DB Queries
---------------------------------------  -----  ---------  --------  ----------  --------------  -------------------  ----------------------
/opt/airflow/dags/train_pipeline_dag.py                           1           0  0.21s           2025-12-01T08:21:32                      10
================================================================================
[2025-12-01T08:22:31.151+0000] {manager.py:997} INFO - 
================================================================================
DAG File Processing Stats

File Path                                PID    Runtime      # DAGs    # Errors  Last Runtime    Last Run               Last # of DB Queries
---------------------------------------  -----  ---------  --------  ----------  --------------  -------------------  ----------------------
/opt/airflow/dags/train_pipeline_dag.py                           1           0  0.20s           2025-12-01T08:22:02                      10
================================================================================
[2025-12-01T08:23:01.480+0000] {manager.py:997} INFO - 
================================================================================
DAG File Processing Stats

File Path                                PID    Runtime      # DAGs    # Errors  Last Runtime    Last Run               Last # of DB Queries
---------------------------------------  -----  ---------  --------  ----------  --------------  -------------------  ----------------------
/opt/airflow/dags/train_pipeline_dag.py                           1           0  0.19s           2025-12-01T08:22:33                      10
================================================================================
[2025-12-01T08:23:31.941+0000] {manager.py:997} INFO - 
================================================================================
DAG File Processing Stats

File Path                                PID    Runtime      # DAGs    # Errors  Last Runtime    Last Run               Last # of DB Queries
---------------------------------------  -----  ---------  --------  ----------  --------------  -------------------  ----------------------
/opt/airflow/dags/train_pipeline_dag.py                           1           0  0.20s           2025-12-01T08:23:03                      10
================================================================================
[2025-12-01T08:24:02.036+0000] {manager.py:997} INFO - 
================================================================================
DAG File Processing Stats

File Path                                PID    Runtime      # DAGs    # Errors  Last Runtime    Last Run               Last # of DB Queries
---------------------------------------  -----  ---------  --------  ----------  --------------  -------------------  ----------------------
/opt/airflow/dags/train_pipeline_dag.py                           1           0  0.76s           2025-12-01T08:23:34                      10
================================================================================
[2025-12-01T08:24:32.586+0000] {manager.py:997} INFO - 
================================================================================
DAG File Processing Stats

File Path                                PID    Runtime      # DAGs    # Errors  Last Runtime    Last Run               Last # of DB Queries
---------------------------------------  -----  ---------  --------  ----------  --------------  -------------------  ----------------------
/opt/airflow/dags/train_pipeline_dag.py                           1           0  0.43s           2025-12-01T08:24:05                      10
================================================================================
[2025-12-01T08:25:03.095+0000] {manager.py:997} INFO - 
================================================================================
DAG File Processing Stats

File Path                                PID    Runtime      # DAGs    # Errors  Last Runtime    Last Run               Last # of DB Queries
---------------------------------------  -----  ---------  --------  ----------  --------------  -------------------  ----------------------
/opt/airflow/dags/train_pipeline_dag.py                           1           0  0.20s           2025-12-01T08:24:35                      10
================================================================================
[2025-12-01T08:25:33.451+0000] {manager.py:997} INFO - 
================================================================================
DAG File Processing Stats

File Path                                PID    Runtime      # DAGs    # Errors  Last Runtime    Last Run               Last # of DB Queries
---------------------------------------  -----  ---------  --------  ----------  --------------  -------------------  ----------------------
/opt/airflow/dags/train_pipeline_dag.py                           1           0  0.24s           2025-12-01T08:25:06                      10
================================================================================
[2025-12-01T08:26:03.802+0000] {manager.py:997} INFO - 
================================================================================
DAG File Processing Stats

File Path                                PID    Runtime      # DAGs    # Errors  Last Runtime    Last Run               Last # of DB Queries
---------------------------------------  -----  ---------  --------  ----------  --------------  -------------------  ----------------------
/opt/airflow/dags/train_pipeline_dag.py                           1           0  0.22s           2025-12-01T08:25:36                      10
================================================================================
[2025-12-01T08:26:19.190+0000] {manager.py:821} INFO - Searching for files in /opt/airflow/dags
[2025-12-01T08:26:19.230+0000] {manager.py:824} INFO - There are 1 files in /opt/airflow/dags
[2025-12-01T08:26:34.316+0000] {manager.py:997} INFO - 
================================================================================
DAG File Processing Stats

File Path                                PID    Runtime      # DAGs    # Errors  Last Runtime    Last Run               Last # of DB Queries
---------------------------------------  -----  ---------  --------  ----------  --------------  -------------------  ----------------------
/opt/airflow/dags/train_pipeline_dag.py                           1           0  0.22s           2025-12-01T08:26:07                      10
================================================================================
[2025-12-01T08:27:04.707+0000] {manager.py:997} INFO - 
================================================================================
DAG File Processing Stats

File Path                                PID    Runtime      # DAGs    # Errors  Last Runtime    Last Run               Last # of DB Queries
---------------------------------------  -----  ---------  --------  ----------  --------------  -------------------  ----------------------
/opt/airflow/dags/train_pipeline_dag.py                           1           0  1.16s           2025-12-01T08:26:38                      10
================================================================================
[2025-12-01T08:27:35.080+0000] {manager.py:997} INFO - 
================================================================================
DAG File Processing Stats

File Path                                PID    Runtime      # DAGs    # Errors  Last Runtime    Last Run               Last # of DB Queries
---------------------------------------  -----  ---------  --------  ----------  --------------  -------------------  ----------------------
/opt/airflow/dags/train_pipeline_dag.py                           1           0  0.45s           2025-12-01T08:27:09                      10
================================================================================
[2025-12-01T08:28:05.808+0000] {manager.py:997} INFO - 
================================================================================
DAG File Processing Stats

File Path                                PID    Runtime      # DAGs    # Errors  Last Runtime    Last Run               Last # of DB Queries
---------------------------------------  -----  ---------  --------  ----------  --------------  -------------------  ----------------------
/opt/airflow/dags/train_pipeline_dag.py                           1           0  0.23s           2025-12-01T08:27:39                      10
================================================================================
[2025-12-01T08:28:36.318+0000] {manager.py:997} INFO - 
================================================================================
DAG File Processing Stats

File Path                                PID    Runtime      # DAGs    # Errors  Last Runtime    Last Run               Last # of DB Queries
---------------------------------------  -----  ---------  --------  ----------  --------------  -------------------  ----------------------
/opt/airflow/dags/train_pipeline_dag.py                           1           0  0.20s           2025-12-01T08:28:10                      10
================================================================================
[2025-12-01T08:29:06.685+0000] {manager.py:997} INFO - 
================================================================================
DAG File Processing Stats

File Path                                PID    Runtime      # DAGs    # Errors  Last Runtime    Last Run               Last # of DB Queries
---------------------------------------  -----  ---------  --------  ----------  --------------  -------------------  ----------------------
/opt/airflow/dags/train_pipeline_dag.py                           1           0  0.19s           2025-12-01T08:28:40                      10
================================================================================
[2025-12-01T08:29:37.110+0000] {manager.py:997} INFO - 
================================================================================
DAG File Processing Stats

File Path                                PID    Runtime      # DAGs    # Errors  Last Runtime    Last Run               Last # of DB Queries
---------------------------------------  -----  ---------  --------  ----------  --------------  -------------------  ----------------------
/opt/airflow/dags/train_pipeline_dag.py                           1           0  0.51s           2025-12-01T08:29:11                      10
================================================================================
[2025-12-01T08:30:07.226+0000] {manager.py:997} INFO - 
================================================================================
DAG File Processing Stats

File Path                                PID    Runtime      # DAGs    # Errors  Last Runtime    Last Run               Last # of DB Queries
---------------------------------------  -----  ---------  --------  ----------  --------------  -------------------  ----------------------
/opt/airflow/dags/train_pipeline_dag.py                           1           0  0.42s           2025-12-01T08:29:41                      10
================================================================================
